
*** Running vivado
    with args -log game.vds -m64 -product Vivado -mode batch -messageDb vivado.pb -notrace -source game.tcl


****** Vivado v2017.4 (64-bit)
  **** SW Build 2086221 on Fri Dec 15 20:54:30 MST 2017
  **** IP Build 2085800 on Fri Dec 15 22:25:07 MST 2017
    ** Copyright 1986-2017 Xilinx, Inc. All Rights Reserved.

source game.tcl -notrace
Command: synth_design -top game -part xc7a35tcsg324-1
Starting synth_design
Attempting to get a license for feature 'Synthesis' and/or device 'xc7a35t'
INFO: [Common 17-349] Got license for feature 'Synthesis' and/or device 'xc7a35t'
INFO: Launching helper process for spawning children vivado processes
INFO: Helper process launched with PID 19962 
---------------------------------------------------------------------------------
Starting RTL Elaboration : Time (s): cpu = 00:00:09 ; elapsed = 00:00:10 . Memory (MB): peak = 1213.168 ; gain = 61.000 ; free physical = 102 ; free virtual = 5370
---------------------------------------------------------------------------------
INFO: [Synth 8-638] synthesizing module 'game' [/home/ben/lab6/lab6.srcs/sources_1/new/game.v:23]
INFO: [Synth 8-638] synthesizing module 'comparator' [/home/ben/lab6/lab6.srcs/sources_1/new/comparator.v:23]
INFO: [Synth 8-256] done synthesizing module 'comparator' (1#1) [/home/ben/lab6/lab6.srcs/sources_1/new/comparator.v:23]
INFO: [Synth 8-638] synthesizing module 'decoder' [/home/ben/lab6/lab6.srcs/sources_1/new/decoder.v:23]
INFO: [Synth 8-256] done synthesizing module 'decoder' (2#1) [/home/ben/lab6/lab6.srcs/sources_1/new/decoder.v:23]
INFO: [Synth 8-256] done synthesizing module 'game' (3#1) [/home/ben/lab6/lab6.srcs/sources_1/new/game.v:23]
---------------------------------------------------------------------------------
Finished RTL Elaboration : Time (s): cpu = 00:00:10 ; elapsed = 00:00:11 . Memory (MB): peak = 1254.699 ; gain = 102.531 ; free physical = 133 ; free virtual = 5352
---------------------------------------------------------------------------------

Report Check Netlist: 
+------+------------------+-------+---------+-------+------------------+
|      |Item              |Errors |Warnings |Status |Description       |
+------+------------------+-------+---------+-------+------------------+
|1     |multi_driven_nets |      0|        0|Passed |Multi driven nets |
+------+------------------+-------+---------+-------+------------------+
---------------------------------------------------------------------------------
Finished RTL Optimization Phase 1 : Time (s): cpu = 00:00:10 ; elapsed = 00:00:11 . Memory (MB): peak = 1254.699 ; gain = 102.531 ; free physical = 133 ; free virtual = 5352
---------------------------------------------------------------------------------
INFO: [Device 21-403] Loading part xc7a35tcsg324-1
INFO: [Project 1-570] Preparing netlist for logic optimization

Processing XDC Constraints
Initializing timing engine
Parsing XDC File [/home/ben/lab6/lab6.srcs/constrs_1/new/lab6.xdc]
WARNING: [Vivado 12-584] No ports matched 'in[0]'. [/home/ben/lab6/lab6.srcs/constrs_1/new/lab6.xdc:1]
CRITICAL WARNING: [Common 17-55] 'set_property' expects at least one object. [/home/ben/lab6/lab6.srcs/constrs_1/new/lab6.xdc:1]
Resolution: If [get_<value>] was used to populate the object, check to make sure this command returns at least one valid object.
WARNING: [Vivado 12-584] No ports matched 'in[1]'. [/home/ben/lab6/lab6.srcs/constrs_1/new/lab6.xdc:2]
CRITICAL WARNING: [Common 17-55] 'set_property' expects at least one object. [/home/ben/lab6/lab6.srcs/constrs_1/new/lab6.xdc:2]
Resolution: If [get_<value>] was used to populate the object, check to make sure this command returns at least one valid object.
WARNING: [Vivado 12-584] No ports matched 'in[1]'. [/home/ben/lab6/lab6.srcs/constrs_1/new/lab6.xdc:3]
CRITICAL WARNING: [Common 17-55] 'set_property' expects at least one object. [/home/ben/lab6/lab6.srcs/constrs_1/new/lab6.xdc:3]
Resolution: If [get_<value>] was used to populate the object, check to make sure this command returns at least one valid object.
WARNING: [Vivado 12-584] No ports matched 'in[0]'. [/home/ben/lab6/lab6.srcs/constrs_1/new/lab6.xdc:4]
CRITICAL WARNING: [Common 17-55] 'set_property' expects at least one object. [/home/ben/lab6/lab6.srcs/constrs_1/new/lab6.xdc:4]
Resolution: If [get_<value>] was used to populate the object, check to make sure this command returns at least one valid object.
WARNING: [Vivado 12-584] No ports matched 'tub_control[7]'. [/home/ben/lab6/lab6.srcs/constrs_1/new/lab6.xdc:5]
CRITICAL WARNING: [Common 17-55] 'set_property' expects at least one object. [/home/ben/lab6/lab6.srcs/constrs_1/new/lab6.xdc:5]
Resolution: If [get_<value>] was used to populate the object, check to make sure this command returns at least one valid object.
WARNING: [Vivado 12-584] No ports matched 'tub_control[6]'. [/home/ben/lab6/lab6.srcs/constrs_1/new/lab6.xdc:6]
CRITICAL WARNING: [Common 17-55] 'set_property' expects at least one object. [/home/ben/lab6/lab6.srcs/constrs_1/new/lab6.xdc:6]
Resolution: If [get_<value>] was used to populate the object, check to make sure this command returns at least one valid object.
WARNING: [Vivado 12-584] No ports matched 'tub_control[5]'. [/home/ben/lab6/lab6.srcs/constrs_1/new/lab6.xdc:7]
CRITICAL WARNING: [Common 17-55] 'set_property' expects at least one object. [/home/ben/lab6/lab6.srcs/constrs_1/new/lab6.xdc:7]
Resolution: If [get_<value>] was used to populate the object, check to make sure this command returns at least one valid object.
WARNING: [Vivado 12-584] No ports matched 'tub_control[4]'. [/home/ben/lab6/lab6.srcs/constrs_1/new/lab6.xdc:8]
CRITICAL WARNING: [Common 17-55] 'set_property' expects at least one object. [/home/ben/lab6/lab6.srcs/constrs_1/new/lab6.xdc:8]
Resolution: If [get_<value>] was used to populate the object, check to make sure this command returns at least one valid object.
WARNING: [Vivado 12-584] No ports matched 'tub_control[3]'. [/home/ben/lab6/lab6.srcs/constrs_1/new/lab6.xdc:9]
CRITICAL WARNING: [Common 17-55] 'set_property' expects at least one object. [/home/ben/lab6/lab6.srcs/constrs_1/new/lab6.xdc:9]
Resolution: If [get_<value>] was used to populate the object, check to make sure this command returns at least one valid object.
WARNING: [Vivado 12-584] No ports matched 'tub_control[2]'. [/home/ben/lab6/lab6.srcs/constrs_1/new/lab6.xdc:10]
CRITICAL WARNING: [Common 17-55] 'set_property' expects at least one object. [/home/ben/lab6/lab6.srcs/constrs_1/new/lab6.xdc:10]
Resolution: If [get_<value>] was used to populate the object, check to make sure this command returns at least one valid object.
WARNING: [Vivado 12-584] No ports matched 'tub_control[1]'. [/home/ben/lab6/lab6.srcs/constrs_1/new/lab6.xdc:11]
CRITICAL WARNING: [Common 17-55] 'set_property' expects at least one object. [/home/ben/lab6/lab6.srcs/constrs_1/new/lab6.xdc:11]
Resolution: If [get_<value>] was used to populate the object, check to make sure this command returns at least one valid object.
WARNING: [Vivado 12-584] No ports matched 'tub_control[0]'. [/home/ben/lab6/lab6.srcs/constrs_1/new/lab6.xdc:12]
CRITICAL WARNING: [Common 17-55] 'set_property' expects at least one object. [/home/ben/lab6/lab6.srcs/constrs_1/new/lab6.xdc:12]
Resolution: If [get_<value>] was used to populate the object, check to make sure this command returns at least one valid object.
WARNING: [Vivado 12-584] No ports matched 'tub_sel'. [/home/ben/lab6/lab6.srcs/constrs_1/new/lab6.xdc:13]
CRITICAL WARNING: [Common 17-55] 'set_property' expects at least one object. [/home/ben/lab6/lab6.srcs/constrs_1/new/lab6.xdc:13]
Resolution: If [get_<value>] was used to populate the object, check to make sure this command returns at least one valid object.
WARNING: [Vivado 12-584] No ports matched 'tub_sel'. [/home/ben/lab6/lab6.srcs/constrs_1/new/lab6.xdc:14]
CRITICAL WARNING: [Common 17-55] 'set_property' expects at least one object. [/home/ben/lab6/lab6.srcs/constrs_1/new/lab6.xdc:14]
Resolution: If [get_<value>] was used to populate the object, check to make sure this command returns at least one valid object.
WARNING: [Vivado 12-584] No ports matched 'tub_control[7]'. [/home/ben/lab6/lab6.srcs/constrs_1/new/lab6.xdc:15]
CRITICAL WARNING: [Common 17-55] 'set_property' expects at least one object. [/home/ben/lab6/lab6.srcs/constrs_1/new/lab6.xdc:15]
Resolution: If [get_<value>] was used to populate the object, check to make sure this command returns at least one valid object.
WARNING: [Vivado 12-584] No ports matched 'tub_control[6]'. [/home/ben/lab6/lab6.srcs/constrs_1/new/lab6.xdc:16]
CRITICAL WARNING: [Common 17-55] 'set_property' expects at least one object. [/home/ben/lab6/lab6.srcs/constrs_1/new/lab6.xdc:16]
Resolution: If [get_<value>] was used to populate the object, check to make sure this command returns at least one valid object.
WARNING: [Vivado 12-584] No ports matched 'tub_control[5]'. [/home/ben/lab6/lab6.srcs/constrs_1/new/lab6.xdc:17]
CRITICAL WARNING: [Common 17-55] 'set_property' expects at least one object. [/home/ben/lab6/lab6.srcs/constrs_1/new/lab6.xdc:17]
Resolution: If [get_<value>] was used to populate the object, check to make sure this command returns at least one valid object.
WARNING: [Vivado 12-584] No ports matched 'tub_control[4]'. [/home/ben/lab6/lab6.srcs/constrs_1/new/lab6.xdc:18]
CRITICAL WARNING: [Common 17-55] 'set_property' expects at least one object. [/home/ben/lab6/lab6.srcs/constrs_1/new/lab6.xdc:18]
Resolution: If [get_<value>] was used to populate the object, check to make sure this command returns at least one valid object.
WARNING: [Vivado 12-584] No ports matched 'tub_control[3]'. [/home/ben/lab6/lab6.srcs/constrs_1/new/lab6.xdc:19]
CRITICAL WARNING: [Common 17-55] 'set_property' expects at least one object. [/home/ben/lab6/lab6.srcs/constrs_1/new/lab6.xdc:19]
Resolution: If [get_<value>] was used to populate the object, check to make sure this command returns at least one valid object.
WARNING: [Vivado 12-584] No ports matched 'tub_control[2]'. [/home/ben/lab6/lab6.srcs/constrs_1/new/lab6.xdc:20]
CRITICAL WARNING: [Common 17-55] 'set_property' expects at least one object. [/home/ben/lab6/lab6.srcs/constrs_1/new/lab6.xdc:20]
Resolution: If [get_<value>] was used to populate the object, check to make sure this command returns at least one valid object.
WARNING: [Vivado 12-584] No ports matched 'tub_control[1]'. [/home/ben/lab6/lab6.srcs/constrs_1/new/lab6.xdc:21]
CRITICAL WARNING: [Common 17-55] 'set_property' expects at least one object. [/home/ben/lab6/lab6.srcs/constrs_1/new/lab6.xdc:21]
Resolution: If [get_<value>] was used to populate the object, check to make sure this command returns at least one valid object.
WARNING: [Vivado 12-584] No ports matched 'tub_control[0]'. [/home/ben/lab6/lab6.srcs/constrs_1/new/lab6.xdc:22]
CRITICAL WARNING: [Common 17-55] 'set_property' expects at least one object. [/home/ben/lab6/lab6.srcs/constrs_1/new/lab6.xdc:22]
Resolution: If [get_<value>] was used to populate the object, check to make sure this command returns at least one valid object.
Finished Parsing XDC File [/home/ben/lab6/lab6.srcs/constrs_1/new/lab6.xdc]
INFO: [Project 1-236] Implementation specific constraints were found while reading constraint file [/home/ben/lab6/lab6.srcs/constrs_1/new/lab6.xdc]. These constraints will be ignored for synthesis but will be used in implementation. Impacted constraints are listed in the file [.Xil/game_propImpl.xdc].
Resolution: To avoid this warning, move constraints listed in [.Xil/game_propImpl.xdc] to another XDC file and exclude this new file from synthesis with the used_in_synthesis property (File Properties dialog in GUI) and re-run elaboration/synthesis.
Completed Processing XDC Constraints

INFO: [Project 1-111] Unisim Transformation Summary:
No Unisim elements were transformed.

Constraint Validation Runtime : Time (s): cpu = 00:00:00 ; elapsed = 00:00:00 . Memory (MB): peak = 1484.480 ; gain = 0.000 ; free physical = 101 ; free virtual = 5153
---------------------------------------------------------------------------------
Finished Constraint Validation : Time (s): cpu = 00:00:28 ; elapsed = 00:00:48 . Memory (MB): peak = 1484.480 ; gain = 332.312 ; free physical = 111 ; free virtual = 5163
---------------------------------------------------------------------------------
---------------------------------------------------------------------------------
Start Loading Part and Timing Information
---------------------------------------------------------------------------------
Loading part: xc7a35tcsg324-1
---------------------------------------------------------------------------------
Finished Loading Part and Timing Information : Time (s): cpu = 00:00:28 ; elapsed = 00:00:48 . Memory (MB): peak = 1484.480 ; gain = 332.312 ; free physical = 111 ; free virtual = 5163
---------------------------------------------------------------------------------
---------------------------------------------------------------------------------
Start Applying 'set_property' XDC Constraints
---------------------------------------------------------------------------------
---------------------------------------------------------------------------------
Finished applying 'set_property' XDC Constraints : Time (s): cpu = 00:00:28 ; elapsed = 00:00:48 . Memory (MB): peak = 1484.480 ; gain = 332.312 ; free physical = 112 ; free virtual = 5164
---------------------------------------------------------------------------------
INFO: [Synth 8-5544] ROM "o" won't be mapped to Block RAM because address size (4) smaller than threshold (5)
---------------------------------------------------------------------------------
Finished RTL Optimization Phase 2 : Time (s): cpu = 00:00:28 ; elapsed = 00:00:48 . Memory (MB): peak = 1484.480 ; gain = 332.312 ; free physical = 110 ; free virtual = 5162
---------------------------------------------------------------------------------

Report RTL Partitions: 
+-+--------------+------------+----------+
| |RTL Partition |Replication |Instances |
+-+--------------+------------+----------+
+-+--------------+------------+----------+
---------------------------------------------------------------------------------
Start RTL Component Statistics 
---------------------------------------------------------------------------------
Detailed RTL Component Info : 
+---Muxes : 
	   4 Input      8 Bit        Muxes := 2     
	   4 Input      3 Bit        Muxes := 1     
---------------------------------------------------------------------------------
Finished RTL Component Statistics 
---------------------------------------------------------------------------------
---------------------------------------------------------------------------------
Start RTL Hierarchical Component Statistics 
---------------------------------------------------------------------------------
Hierarchical RTL Component report 
Module comparator 
Detailed RTL Component Info : 
+---Muxes : 
	   4 Input      3 Bit        Muxes := 1     
Module decoder 
Detailed RTL Component Info : 
+---Muxes : 
	   4 Input      8 Bit        Muxes := 1     
---------------------------------------------------------------------------------
Finished RTL Hierarchical Component Statistics
---------------------------------------------------------------------------------
---------------------------------------------------------------------------------
Start Part Resource Summary
---------------------------------------------------------------------------------
Part Resources:
DSPs: 90 (col length:60)
BRAMs: 100 (col length: RAMB18 60 RAMB36 30)
---------------------------------------------------------------------------------
Finished Part Resource Summary
---------------------------------------------------------------------------------
---------------------------------------------------------------------------------
Start Cross Boundary and Area Optimization
---------------------------------------------------------------------------------
WARNING: [Synth 8-3917] design game has port tub_sel1 driven by constant 1
WARNING: [Synth 8-3917] design game has port tub_sel2 driven by constant 1
WARNING: [Synth 8-3917] design game has port tub_control1[1] driven by constant 1
WARNING: [Synth 8-3917] design game has port tub_control1[0] driven by constant 0
WARNING: [Synth 8-3917] design game has port tub_control2[1] driven by constant 1
WARNING: [Synth 8-3917] design game has port tub_control2[0] driven by constant 0
---------------------------------------------------------------------------------
Finished Cross Boundary and Area Optimization : Time (s): cpu = 00:00:29 ; elapsed = 00:00:48 . Memory (MB): peak = 1484.480 ; gain = 332.312 ; free physical = 106 ; free virtual = 5159
---------------------------------------------------------------------------------

Report RTL Partitions: 
+-+--------------+------------+----------+
| |RTL Partition |Replication |Instances |
+-+--------------+------------+----------+
+-+--------------+------------+----------+
---------------------------------------------------------------------------------
Start Applying XDC Timing Constraints
---------------------------------------------------------------------------------
---------------------------------------------------------------------------------
Finished Applying XDC Timing Constraints : Time (s): cpu = 00:00:36 ; elapsed = 00:01:00 . Memory (MB): peak = 1531.480 ; gain = 379.312 ; free physical = 107 ; free virtual = 5078
---------------------------------------------------------------------------------
---------------------------------------------------------------------------------
Start Timing Optimization
---------------------------------------------------------------------------------
---------------------------------------------------------------------------------
Finished Timing Optimization : Time (s): cpu = 00:00:36 ; elapsed = 00:01:00 . Memory (MB): peak = 1531.480 ; gain = 379.312 ; free physical = 107 ; free virtual = 5078
---------------------------------------------------------------------------------

Report RTL Partitions: 
+-+--------------+------------+----------+
| |RTL Partition |Replication |Instances |
+-+--------------+------------+----------+
+-+--------------+------------+----------+
---------------------------------------------------------------------------------
Start Technology Mapping
---------------------------------------------------------------------------------
---------------------------------------------------------------------------------
Finished Technology Mapping : Time (s): cpu = 00:00:36 ; elapsed = 00:01:00 . Memory (MB): peak = 1541.496 ; gain = 389.328 ; free physical = 118 ; free virtual = 5077
---------------------------------------------------------------------------------

Report RTL Partitions: 
+-+--------------+------------+----------+
| |RTL Partition |Replication |Instances |
+-+--------------+------------+----------+
+-+--------------+------------+----------+
---------------------------------------------------------------------------------
Start IO Insertion
---------------------------------------------------------------------------------
---------------------------------------------------------------------------------
Start Flattening Before IO Insertion
---------------------------------------------------------------------------------
---------------------------------------------------------------------------------
Finished Flattening Before IO Insertion
---------------------------------------------------------------------------------
---------------------------------------------------------------------------------
Start Final Netlist Cleanup
---------------------------------------------------------------------------------
---------------------------------------------------------------------------------
Finished Final Netlist Cleanup
---------------------------------------------------------------------------------
---------------------------------------------------------------------------------
Finished IO Insertion : Time (s): cpu = 00:00:37 ; elapsed = 00:01:01 . Memory (MB): peak = 1541.496 ; gain = 389.328 ; free physical = 123 ; free virtual = 5079
---------------------------------------------------------------------------------

Report Check Netlist: 
+------+------------------+-------+---------+-------+------------------+
|      |Item              |Errors |Warnings |Status |Description       |
+------+------------------+-------+---------+-------+------------------+
|1     |multi_driven_nets |      0|        0|Passed |Multi driven nets |
+------+------------------+-------+---------+-------+------------------+
---------------------------------------------------------------------------------
Start Renaming Generated Instances
---------------------------------------------------------------------------------
---------------------------------------------------------------------------------
Finished Renaming Generated Instances : Time (s): cpu = 00:00:37 ; elapsed = 00:01:01 . Memory (MB): peak = 1541.496 ; gain = 389.328 ; free physical = 123 ; free virtual = 5079
---------------------------------------------------------------------------------

Report RTL Partitions: 
+-+--------------+------------+----------+
| |RTL Partition |Replication |Instances |
+-+--------------+------------+----------+
+-+--------------+------------+----------+
---------------------------------------------------------------------------------
Start Rebuilding User Hierarchy
---------------------------------------------------------------------------------
---------------------------------------------------------------------------------
Finished Rebuilding User Hierarchy : Time (s): cpu = 00:00:37 ; elapsed = 00:01:01 . Memory (MB): peak = 1541.496 ; gain = 389.328 ; free physical = 123 ; free virtual = 5079
---------------------------------------------------------------------------------
---------------------------------------------------------------------------------
Start Renaming Generated Ports
---------------------------------------------------------------------------------
---------------------------------------------------------------------------------
Finished Renaming Generated Ports : Time (s): cpu = 00:00:37 ; elapsed = 00:01:01 . Memory (MB): peak = 1541.496 ; gain = 389.328 ; free physical = 123 ; free virtual = 5079
---------------------------------------------------------------------------------
---------------------------------------------------------------------------------
Start Handling Custom Attributes
---------------------------------------------------------------------------------
---------------------------------------------------------------------------------
Finished Handling Custom Attributes : Time (s): cpu = 00:00:37 ; elapsed = 00:01:01 . Memory (MB): peak = 1541.496 ; gain = 389.328 ; free physical = 123 ; free virtual = 5079
---------------------------------------------------------------------------------
---------------------------------------------------------------------------------
Start Renaming Generated Nets
---------------------------------------------------------------------------------
---------------------------------------------------------------------------------
Finished Renaming Generated Nets : Time (s): cpu = 00:00:37 ; elapsed = 00:01:01 . Memory (MB): peak = 1541.496 ; gain = 389.328 ; free physical = 123 ; free virtual = 5079
---------------------------------------------------------------------------------
---------------------------------------------------------------------------------
Start Writing Synthesis Report
---------------------------------------------------------------------------------

Report BlackBoxes: 
+-+--------------+----------+
| |BlackBox name |Instances |
+-+--------------+----------+
+-+--------------+----------+

Report Cell Usage: 
+------+-----+------+
|      |Cell |Count |
+------+-----+------+
|1     |LUT2 |    10|
|2     |LUT4 |     3|
|3     |IBUF |     4|
|4     |OBUF |    21|
+------+-----+------+

Report Instance Areas: 
+------+---------+-----------+------+
|      |Instance |Module     |Cells |
+------+---------+-----------+------+
|1     |top      |           |    38|
|2     |  u1     |decoder    |     2|
|3     |  u2     |decoder_0  |     2|
|4     |  c      |comparator |     2|
+------+---------+-----------+------+
---------------------------------------------------------------------------------
Finished Writing Synthesis Report : Time (s): cpu = 00:00:37 ; elapsed = 00:01:01 . Memory (MB): peak = 1541.496 ; gain = 389.328 ; free physical = 123 ; free virtual = 5079
---------------------------------------------------------------------------------
Synthesis finished with 0 errors, 0 critical warnings and 6 warnings.
Synthesis Optimization Runtime : Time (s): cpu = 00:00:27 ; elapsed = 00:00:34 . Memory (MB): peak = 1541.496 ; gain = 159.547 ; free physical = 139 ; free virtual = 5095
Synthesis Optimization Complete : Time (s): cpu = 00:00:37 ; elapsed = 00:01:01 . Memory (MB): peak = 1541.504 ; gain = 389.328 ; free physical = 139 ; free virtual = 5095
INFO: [Project 1-571] Translating synthesized netlist
INFO: [Netlist 29-17] Analyzing 4 Unisim elements for replacement
INFO: [Netlist 29-28] Unisim Transformation completed in 0 CPU seconds
INFO: [Project 1-570] Preparing netlist for logic optimization
INFO: [Opt 31-138] Pushed 0 inverter(s) to 0 load pin(s).
INFO: [Project 1-111] Unisim Transformation Summary:
No Unisim elements were transformed.

INFO: [Common 17-83] Releasing license: Synthesis
19 Infos, 28 Warnings, 22 Critical Warnings and 0 Errors encountered.
synth_design completed successfully
synth_design: Time (s): cpu = 00:00:39 ; elapsed = 00:01:03 . Memory (MB): peak = 1546.496 ; gain = 407.723 ; free physical = 126 ; free virtual = 5083
INFO: [Common 17-1381] The checkpoint '/home/ben/lab6/lab6.runs/synth_1/game.dcp' has been generated.
INFO: [runtcl-4] Executing : report_utilization -file game_utilization_synth.rpt -pb game_utilization_synth.pb
report_utilization: Time (s): cpu = 00:00:00.06 ; elapsed = 00:00:00.11 . Memory (MB): peak = 1570.508 ; gain = 0.000 ; free physical = 130 ; free virtual = 5088
INFO: [Common 17-206] Exiting Vivado at Sun Nov 19 23:00:30 2023...
